#
# There is insufficient memory for the Java Runtime Environment to continue.
# Native memory allocation (malloc) failed to allocate 432416 bytes for Chunk::new
# Possible reasons:
#   The system is out of physical RAM or swap space
#   In 32 bit mode, the process size limit was hit
# Possible solutions:
#   Reduce memory load on the system
#   Increase physical memory or swap space
#   Check if swap backing store is full
#   Use 64 bit Java on a 64 bit OS
#   Decrease Java heap size (-Xmx/-Xms)
#   Decrease number of Java threads
#   Decrease Java thread stack sizes (-Xss)
#   Set larger code cache with -XX:ReservedCodeCacheSize=
# This output file may be truncated or incomplete.
#
#  Out of Memory Error (allocation.cpp:388), pid=9852, tid=10052
#
# JRE version: Java(TM) SE Runtime Environment (8.0_05-b13) (build 1.8.0_05-b13)
# Java VM: Java HotSpot(TM) 64-Bit Server VM (25.5-b02 mixed mode windows-amd64 compressed oops)
# Failed to write core dump. Minidumps are not enabled by default on client versions of Windows
#

---------------  T H R E A D  ---------------

Current thread (0x00000000551a0800):  JavaThread "C2 CompilerThread1" daemon [_thread_in_native, id=10052, stack(0x00000000571a0000,0x00000000572a0000)]

Stack: [0x00000000571a0000,0x00000000572a0000]
Native frames: (J=compiled Java code, j=interpreted, Vv=VM code, C=native code)
V  [jvm.dll+0x308dea]


Current CompileTask:
C2:   3397  780       4       com.android.dx.ssa.back.LivenessAnalyzer::handleTailRecursion (94 bytes)


---------------  P R O C E S S  ---------------

Java Threads: ( => current thread )
  0x00000000575f5000 JavaThread "pool-1-thread-4" [_thread_in_Java, id=2636, stack(0x0000000058740000,0x0000000058840000)]
  0x00000000575f3800 JavaThread "pool-1-thread-3" [_thread_in_Java, id=7560, stack(0x0000000058910000,0x0000000058a10000)]
  0x000000005756c800 JavaThread "pool-1-thread-2" [_thread_in_Java, id=9768, stack(0x0000000058630000,0x0000000058730000)]
  0x00000000574fd000 JavaThread "pool-2-thread-1" [_thread_blocked, id=9476, stack(0x0000000058440000,0x0000000058540000)]
  0x00000000574fc800 JavaThread "pool-1-thread-1" [_thread_blocked, id=2608, stack(0x00000000577e0000,0x00000000578e0000)]
  0x00000000572fe000 JavaThread "Service Thread" daemon [_thread_blocked, id=1984, stack(0x00000000579a0000,0x0000000057aa0000)]
  0x00000000572e3800 JavaThread "C1 CompilerThread2" daemon [_thread_blocked, id=10184, stack(0x00000000576c0000,0x00000000577c0000)]
=>0x00000000551a0800 JavaThread "C2 CompilerThread1" daemon [_thread_in_native, id=10052, stack(0x00000000571a0000,0x00000000572a0000)]
  0x000000005519c800 JavaThread "C2 CompilerThread0" daemon [_thread_in_native, id=4248, stack(0x0000000056a90000,0x0000000056b90000)]
  0x000000005519b800 JavaThread "Attach Listener" daemon [_thread_blocked, id=9760, stack(0x0000000057040000,0x0000000057140000)]
  0x00000000551ac800 JavaThread "Signal Dispatcher" daemon [_thread_blocked, id=6432, stack(0x0000000056e60000,0x0000000056f60000)]
  0x000000005513f800 JavaThread "Finalizer" daemon [_thread_blocked, id=9060, stack(0x0000000056d30000,0x0000000056e30000)]
  0x000000005513a800 JavaThread "Reference Handler" daemon [_thread_blocked, id=6684, stack(0x0000000056c10000,0x0000000056d10000)]
  0x0000000001e3f000 JavaThread "main" [_thread_in_Java, id=7124, stack(0x00000000024e0000,0x00000000025e0000)]

Other Threads:
  0x0000000055137000 VMThread [stack: 0x0000000056970000,0x0000000056a70000] [id=7980]
  0x0000000057307000 WatcherThread [stack: 0x0000000057b20000,0x0000000057c20000] [id=10040]

VM state:not at safepoint (normal execution)

VM Mutex/Monitor currently owned by a thread: None

Heap:
 PSYoungGen      total 9216K, used 4211K [0x00000000eab00000, 0x00000000eb600000, 0x0000000100000000)
  eden space 7168K, 30% used [0x00000000eab00000,0x00000000ead24e80,0x00000000eb200000)
  from space 2048K, 98% used [0x00000000eb200000,0x00000000eb3f8018,0x00000000eb400000)
  to   space 2048K, 0% used [0x00000000eb400000,0x00000000eb400000,0x00000000eb600000)
 ParOldGen       total 129536K, used 1963K [0x00000000c0000000, 0x00000000c7e80000, 0x00000000eab00000)
  object space 129536K, 1% used [0x00000000c0000000,0x00000000c01eae58,0x00000000c7e80000)
 Metaspace       used 5562K, capacity 6640K, committed 6784K, reserved 1056768K
  class space    used 589K, capacity 616K, committed 640K, reserved 1048576K

Card table byte_map: [0x0000000011c70000,0x0000000011e80000] byte_map_base: 0x0000000011670000

Marking Bits: (ParMarkBitMap*) 0x00000000560013b0
 Begin Bits: [0x00000000125b0000, 0x00000000135b0000)
 End Bits:   [0x00000000135b0000, 0x00000000145b0000)

Polling page: 0x0000000000130000

CodeCache: size=245760Kb used=2573Kb max_used=2582Kb free=243186Kb
 bounds [0x00000000028b0000, 0x0000000002b40000, 0x00000000118b0000]
 total_blobs=1028 nmethods=764 adapters=178
 compilation: enabled

Compilation events (10 events):
Event: 2.568 Thread 0x000000005519c800 nmethod 823 0x0000000002b2f4d0 code [0x0000000002b2f620, 0x0000000002b2f738]
Event: 2.568 Thread 0x000000005519c800  824       4       java.util.ArrayList::<init> (53 bytes)
Event: 2.571 Thread 0x00000000572e3800 nmethod 735 0x0000000002b34a50 code [0x0000000002b34da0, 0x0000000002b36ab8]
Event: 2.571 Thread 0x00000000572e3800  755       3       java.util.ArrayList$SubList::size (9 bytes)
Event: 2.572 Thread 0x00000000572e3800 nmethod 755 0x0000000002b2ef90 code [0x0000000002b2f100, 0x0000000002b2f368]
Event: 2.572 Thread 0x00000000572e3800  754       3       java.util.ArrayList$SubList::<init> (46 bytes)
Event: 2.572 Thread 0x000000005519c800 nmethod 824 0x0000000002b2ea10 code [0x0000000002b2eb60, 0x0000000002b2edd8]
Event: 2.572 Thread 0x000000005519c800  827       4       com.android.dx.ssa.SsaMethod::deleteInsns (239 bytes)
Event: 2.572 Thread 0x00000000572e3800 nmethod 754 0x0000000002b38f50 code [0x0000000002b390c0, 0x0000000002b39370]
Event: 2.572 Thread 0x00000000572e3800  701   !   3       com.android.dx.cf.code.BytecodeArray::parseInstruction (2764 bytes)

GC Heap History (10 events):
Event: 1.256 GC heap before
{Heap before GC invocations=5 (full 0):
 PSYoungGen      total 2560K, used 2544K [0x00000000eab00000, 0x00000000eae00000, 0x0000000100000000)
  eden space 2048K, 100% used [0x00000000eab00000,0x00000000ead00000,0x00000000ead00000)
  from space 512K, 96% used [0x00000000ead80000,0x00000000eadfc010,0x00000000eae00000)
  to   space 512K, 0% used [0x00000000ead00000,0x00000000ead00000,0x00000000ead80000)
 ParOldGen       total 129536K, used 341K [0x00000000c0000000, 0x00000000c7e80000, 0x00000000eab00000)
  object space 129536K, 0% used [0x00000000c0000000,0x00000000c0055670,0x00000000c7e80000)
 Metaspace       used 3649K, capacity 4944K, committed 5120K, reserved 1056768K
  class space    used 407K, capacity 456K, committed 512K, reserved 1048576K
Event: 1.315 GC heap after
Heap after GC invocations=5 (full 0):
 PSYoungGen      total 2560K, used 506K [0x00000000eab00000, 0x00000000eb100000, 0x0000000100000000)
  eden space 2048K, 0% used [0x00000000eab00000,0x00000000eab00000,0x00000000ead00000)
  from space 512K, 98% used [0x00000000ead00000,0x00000000ead7ea80,0x00000000ead80000)
  to   space 1024K, 0% used [0x00000000eb000000,0x00000000eb000000,0x00000000eb100000)
 ParOldGen       total 129536K, used 577K [0x00000000c0000000, 0x00000000c7e80000, 0x00000000eab00000)
  object space 129536K, 0% used [0x00000000c0000000,0x00000000c0090790,0x00000000c7e80000)
 Metaspace       used 3649K, capacity 4944K, committed 5120K, reserved 1056768K
  class space    used 407K, capacity 456K, committed 512K, reserved 1048576K
}
Event: 1.588 GC heap before
{Heap before GC invocations=6 (full 0):
 PSYoungGen      total 2560K, used 2554K [0x00000000eab00000, 0x00000000eb100000, 0x0000000100000000)
  eden space 2048K, 100% used [0x00000000eab00000,0x00000000ead00000,0x00000000ead00000)
  from space 512K, 98% used [0x00000000ead00000,0x00000000ead7ea80,0x00000000ead80000)
  to   space 1024K, 0% used [0x00000000eb000000,0x00000000eb000000,0x00000000eb100000)
 ParOldGen       total 129536K, used 577K [0x00000000c0000000, 0x00000000c7e80000, 0x00000000eab00000)
  object space 129536K, 0% used [0x00000000c0000000,0x00000000c0090790,0x00000000c7e80000)
 Metaspace       used 4103K, capacity 5392K, committed 5760K, reserved 1056768K
  class space    used 464K, capacity 520K, committed 640K, reserved 1048576K
Event: 1.686 GC heap after
Heap after GC invocations=6 (full 0):
 PSYoungGen      total 4608K, used 1010K [0x00000000eab00000, 0x00000000eb200000, 0x0000000100000000)
  eden space 3584K, 0% used [0x00000000eab00000,0x00000000eab00000,0x00000000eae80000)
  from space 1024K, 98% used [0x00000000eb000000,0x00000000eb0fca18,0x00000000eb100000)
  to   space 1536K, 0% used [0x00000000eae80000,0x00000000eae80000,0x00000000eb000000)
 ParOldGen       total 129536K, used 825K [0x00000000c0000000, 0x00000000c7e80000, 0x00000000eab00000)
  object space 129536K, 0% used [0x00000000c0000000,0x00000000c00ce6f0,0x00000000c7e80000)
 Metaspace       used 4103K, capacity 5392K, committed 5760K, reserved 1056768K
  class space    used 464K, capacity 520K, committed 640K, reserved 1048576K
}
Event: 1.911 GC heap before
{Heap before GC invocations=7 (full 0):
 PSYoungGen      total 4608K, used 4558K [0x00000000eab00000, 0x00000000eb200000, 0x0000000100000000)
  eden space 3584K, 98% used [0x00000000eab00000,0x00000000eae76ec8,0x00000000eae80000)
  from space 1024K, 98% used [0x00000000eb000000,0x00000000eb0fca18,0x00000000eb100000)
  to   space 1536K, 0% used [0x00000000eae80000,0x00000000eae80000,0x00000000eb000000)
 ParOldGen       total 129536K, used 825K [0x00000000c0000000, 0x00000000c7e80000, 0x00000000eab00000)
  object space 129536K, 0% used [0x00000000c0000000,0x00000000c00ce6f0,0x00000000c7e80000)
 Metaspace       used 5090K, capacity 6256K, committed 6528K, reserved 1056768K
  class space    used 571K, capacity 616K, committed 640K, reserved 1048576K
Event: 1.988 GC heap after
Heap after GC invocations=7 (full 0):
 PSYoungGen      total 5120K, used 1512K [0x00000000eab00000, 0x00000000eb600000, 0x0000000100000000)
  eden space 3584K, 0% used [0x00000000eab00000,0x00000000eab00000,0x00000000eae80000)
  from space 1536K, 98% used [0x00000000eae80000,0x00000000eaffa3d0,0x00000000eb000000)
  to   space 2048K, 0% used [0x00000000eb400000,0x00000000eb400000,0x00000000eb600000)
 ParOldGen       total 129536K, used 1202K [0x00000000c0000000, 0x00000000c7e80000, 0x00000000eab00000)
  object space 129536K, 0% used [0x00000000c0000000,0x00000000c012cb38,0x00000000c7e80000)
 Metaspace       used 5090K, capacity 6256K, committed 6528K, reserved 1056768K
  class space    used 571K, capacity 616K, committed 640K, reserved 1048576K
}
Event: 2.232 GC heap before
{Heap before GC invocations=8 (full 0):
 PSYoungGen      total 5120K, used 5096K [0x00000000eab00000, 0x00000000eb600000, 0x0000000100000000)
  eden space 3584K, 100% used [0x00000000eab00000,0x00000000eae80000,0x00000000eae80000)
  from space 1536K, 98% used [0x00000000eae80000,0x00000000eaffa3d0,0x00000000eb000000)
  to   space 2048K, 0% used [0x00000000eb400000,0x00000000eb400000,0x00000000eb600000)
 ParOldGen       total 129536K, used 1202K [0x00000000c0000000, 0x00000000c7e80000, 0x00000000eab00000)
  object space 129536K, 0% used [0x00000000c0000000,0x00000000c012cb38,0x00000000c7e80000)
 Metaspace       used 5399K, capacity 6512K, committed 6784K, reserved 1056768K
  class space    used 584K, capacity 616K, committed 640K, reserved 1048576K
Event: 2.331 GC heap after
Heap after GC invocations=8 (full 0):
 PSYoungGen      total 9216K, used 1530K [0x00000000eab00000, 0x00000000eb600000, 0x0000000100000000)
  eden space 7168K, 0% used [0x00000000eab00000,0x00000000eab00000,0x00000000eb200000)
  from space 2048K, 74% used [0x00000000eb400000,0x00000000eb57ea98,0x00000000eb600000)
  to   space 2048K, 0% used [0x00000000eb200000,0x00000000eb200000,0x00000000eb400000)
 ParOldGen       total 129536K, used 1298K [0x00000000c0000000, 0x00000000c7e80000, 0x00000000eab00000)
  object space 129536K, 1% used [0x00000000c0000000,0x00000000c0144b58,0x00000000c7e80000)
 Metaspace       used 5399K, capacity 6512K, committed 6784K, reserved 1056768K
  class space    used 584K, capacity 616K, committed 640K, reserved 1048576K
}
Event: 2.983 GC heap before
{Heap before GC invocations=9 (full 0):
 PSYoungGen      total 9216K, used 8698K [0x00000000eab00000, 0x00000000eb600000, 0x0000000100000000)
  eden space 7168K, 100% used [0x00000000eab00000,0x00000000eb200000,0x00000000eb200000)
  from space 2048K, 74% used [0x00000000eb400000,0x00000000eb57ea98,0x00000000eb600000)
  to   space 2048K, 0% used [0x00000000eb200000,0x00000000eb200000,0x00000000eb400000)
 ParOldGen       total 129536K, used 1298K [0x00000000c0000000, 0x00000000c7e80000, 0x00000000eab00000)
  object space 129536K, 1% used [0x00000000c0000000,0x00000000c0144b58,0x00000000c7e80000)
 Metaspace       used 5555K, capacity 6640K, committed 6784K, reserved 1056768K
  class space    used 589K, capacity 616K, committed 640K, reserved 1048576K
Event: 3.347 GC heap after
Heap after GC invocations=9 (full 0):
 PSYoungGen      total 9216K, used 2016K [0x00000000eab00000, 0x00000000eb600000, 0x0000000100000000)
  eden space 7168K, 0% used [0x00000000eab00000,0x00000000eab00000,0x00000000eb200000)
  from space 2048K, 98% used [0x00000000eb200000,0x00000000eb3f8018,0x00000000eb400000)
  to   space 2048K, 0% used [0x00000000eb400000,0x00000000eb400000,0x00000000eb600000)
 ParOldGen       total 129536K, used 1963K [0x00000000c0000000, 0x00000000c7e80000, 0x00000000eab00000)
  object space 129536K, 1% used [0x00000000c0000000,0x00000000c01eae58,0x00000000c7e80000)
 Metaspace       used 5555K, capacity 6640K, committed 6784K, reserved 1056768K
  class space    used 589K, capacity 616K, committed 640K, reserved 1048576K
}

Deoptimization events (4 events):
Event: 2.454 Thread 0x00000000575f3800 Uncommon trap: reason=class_check action=maybe_recompile pc=0x0000000002afa550 method=com.android.dx.rop.type.Type.equals(Ljava/lang/Object;)Z @ 8
Event: 3.373 Thread 0x0000000001e3f000 Uncommon trap: reason=class_check action=maybe_recompile pc=0x0000000002afa550 method=com.android.dx.rop.type.Type.equals(Ljava/lang/Object;)Z @ 8
Event: 3.374 Thread 0x0000000001e3f000 Uncommon trap: reason=class_check action=maybe_recompile pc=0x0000000002afa550 method=com.android.dx.rop.type.Type.equals(Ljava/lang/Object;)Z @ 8
Event: 3.383 Thread 0x0000000001e3f000 Uncommon trap: reason=class_check action=maybe_recompile pc=0x0000000002afa550 method=com.android.dx.rop.type.Type.equals(Ljava/lang/Object;)Z @ 8

Internal exceptions (10 events):
Event: 2.103 Thread 0x0000000001e3f000 Exception <a 'java/security/PrivilegedActionException'> (0x00000000eacfb050) thrown at [D:\re\workspace\8-2-build-windows-amd64-cygwin\jdk8u5\2488\hotspot\src\share\vm\prims\jvm.cpp, line 1248]
Event: 2.105 Thread 0x00000000575f5000 Exception <a 'java/security/PrivilegedActionException'> (0x00000000ead08d10) thrown at [D:\re\workspace\8-2-build-windows-amd64-cygwin\jdk8u5\2488\hotspot\src\share\vm\prims\jvm.cpp, line 1248]
Event: 2.105 Thread 0x0000000001e3f000 Exception <a 'java/security/PrivilegedActionException'> (0x00000000ead0d640) thrown at [D:\re\workspace\8-2-build-windows-amd64-cygwin\jdk8u5\2488\hotspot\src\share\vm\prims\jvm.cpp, line 1248]
Event: 2.383 Thread 0x0000000001e3f000 Exception <a 'java/security/PrivilegedActionException'> (0x00000000eac04dc8) thrown at [D:\re\workspace\8-2-build-windows-amd64-cygwin\jdk8u5\2488\hotspot\src\share\vm\prims\jvm.cpp, line 1248]
Event: 2.408 Thread 0x0000000001e3f000 Exception <a 'java/security/PrivilegedActionException'> (0x00000000eac978f0) thrown at [D:\re\workspace\8-2-build-windows-amd64-cygwin\jdk8u5\2488\hotspot\src\share\vm\prims\jvm.cpp, line 1248]
Event: 2.440 Thread 0x00000000575f3800 Exception <a 'java/security/PrivilegedActionException'> (0x00000000ead54c70) thrown at [D:\re\workspace\8-2-build-windows-amd64-cygwin\jdk8u5\2488\hotspot\src\share\vm\prims\jvm.cpp, line 1248]
Event: 2.548 Thread 0x00000000574fc800 Exception <a 'java/security/PrivilegedActionException'> (0x00000000eb0be280) thrown at [D:\re\workspace\8-2-build-windows-amd64-cygwin\jdk8u5\2488\hotspot\src\share\vm\prims\jvm.cpp, line 1248]
Event: 2.550 Thread 0x00000000574fc800 Exception <a 'java/security/PrivilegedActionException'> (0x00000000eb0d1ad0) thrown at [D:\re\workspace\8-2-build-windows-amd64-cygwin\jdk8u5\2488\hotspot\src\share\vm\prims\jvm.cpp, line 1248]
Event: 2.551 Thread 0x00000000574fc800 Exception <a 'java/security/PrivilegedActionException'> (0x00000000eb0d72f8) thrown at [D:\re\workspace\8-2-build-windows-amd64-cygwin\jdk8u5\2488\hotspot\src\share\vm\prims\jvm.cpp, line 1248]
Event: 2.561 Thread 0x00000000574fc800 Exception <a 'java/security/PrivilegedActionException'> (0x00000000eb155158) thrown at [D:\re\workspace\8-2-build-windows-amd64-cygwin\jdk8u5\2488\hotspot\src\share\vm\prims\jvm.cpp, line 1248]

Events (10 events):
Event: 3.347 Executing VM operation: ParallelGCFailedAllocation done
Event: 3.373 Thread 0x0000000001e3f000 Uncommon trap: trap_request=0xffffffde fr.pc=0x0000000002afa550
Event: 3.373 Thread 0x0000000001e3f000 DEOPT PACKING pc=0x0000000002afa550 sp=0x00000000025de250
Event: 3.373 Thread 0x0000000001e3f000 DEOPT UNPACKING pc=0x00000000028f55af sp=0x00000000025de1f8 mode 2
Event: 3.374 Thread 0x0000000001e3f000 Uncommon trap: trap_request=0xffffffde fr.pc=0x0000000002afa550
Event: 3.374 Thread 0x0000000001e3f000 DEOPT PACKING pc=0x0000000002afa550 sp=0x00000000025de250
Event: 3.374 Thread 0x0000000001e3f000 DEOPT UNPACKING pc=0x00000000028f55af sp=0x00000000025de1f8 mode 2
Event: 3.383 Thread 0x0000000001e3f000 Uncommon trap: trap_request=0xffffffde fr.pc=0x0000000002afa550
Event: 3.383 Thread 0x0000000001e3f000 DEOPT PACKING pc=0x0000000002afa550 sp=0x00000000025de250
Event: 3.383 Thread 0x0000000001e3f000 DEOPT UNPACKING pc=0x00000000028f55af sp=0x00000000025de1f8 mode 2


Dynamic libraries:
0x000000013f870000 - 0x000000013f8a4000 	C:\Program Files\Java\jdk1.8.0_05\bin\java.exe
0x0000000077440000 - 0x00000000775e9000 	C:\Windows\SYSTEM32\ntdll.dll
0x0000000077320000 - 0x000000007743f000 	C:\Windows\system32\kernel32.dll
0x000007fefd4d0000 - 0x000007fefd53c000 	C:\Windows\system32\KERNELBASE.dll
0x000007fefddd0000 - 0x000007fefdeab000 	C:\Windows\system32\ADVAPI32.dll
0x000007fefd920000 - 0x000007fefd9bf000 	C:\Windows\system32\msvcrt.dll
0x000007fefdd10000 - 0x000007fefdd2f000 	C:\Windows\SYSTEM32\sechost.dll
0x000007fefdbe0000 - 0x000007fefdd0d000 	C:\Windows\system32\RPCRT4.dll
0x0000000077220000 - 0x000000007731a000 	C:\Windows\system32\USER32.dll
0x000007fefd8b0000 - 0x000007fefd917000 	C:\Windows\system32\GDI32.dll
0x000007feff310000 - 0x000007feff31e000 	C:\Windows\system32\LPK.dll
0x000007fefd7e0000 - 0x000007fefd8a9000 	C:\Windows\system32\USP10.dll
0x000007fefa940000 - 0x000007fefab34000 	C:\Windows\WinSxS\amd64_microsoft.windows.common-controls_6595b64144ccf1df_6.0.7601.18837_none_fa3b1e3d17594757\COMCTL32.dll
0x000007feff6d0000 - 0x000007feff741000 	C:\Windows\system32\SHLWAPI.dll
0x000007fefe160000 - 0x000007fefe18e000 	C:\Windows\system32\IMM32.DLL
0x000007fefef80000 - 0x000007feff089000 	C:\Windows\system32\MSCTF.dll
0x000000005e750000 - 0x000000005e822000 	C:\Program Files\Java\jdk1.8.0_05\jre\bin\msvcr100.dll
0x0000000055850000 - 0x000000005607a000 	C:\Program Files\Java\jdk1.8.0_05\jre\bin\server\jvm.dll
0x000007fef8630000 - 0x000007fef8639000 	C:\Windows\system32\WSOCK32.dll
0x000007fefe110000 - 0x000007fefe15d000 	C:\Windows\system32\WS2_32.dll
0x000007fefdbd0000 - 0x000007fefdbd8000 	C:\Windows\system32\NSI.dll
0x000007fefa190000 - 0x000007fefa1cb000 	C:\Windows\system32\WINMM.dll
0x0000000077610000 - 0x0000000077617000 	C:\Windows\system32\PSAPI.DLL
0x000000005f040000 - 0x000000005f04f000 	C:\Program Files\Java\jdk1.8.0_05\jre\bin\verify.dll
0x000000005f010000 - 0x000000005f038000 	C:\Program Files\Java\jdk1.8.0_05\jre\bin\java.dll
0x000000005eff0000 - 0x000000005f006000 	C:\Program Files\Java\jdk1.8.0_05\jre\bin\zip.dll
0x000007fefe190000 - 0x000007fefef19000 	C:\Windows\system32\SHELL32.dll
0x000007fefd9c0000 - 0x000007fefdbc3000 	C:\Windows\system32\ole32.dll
0x000007fefd200000 - 0x000007fefd20f000 	C:\Windows\system32\profapi.dll

VM Arguments:
jvm_args: -Xmx1024M -Dfile.encoding=windows-1252 -Duser.country=US -Duser.language=en -Duser.variant 
java_command: com.android.dx.command.Main --dex --num-threads=4 --output C:\Users\Dennis\Google Drive\Dennis\Home\Computing\Anttest\app\build\intermediates\pre-dexed\debug\classes-51ab80314f7d0a8e49913fdaefd1f4a74d1618f5.jar C:\Users\Dennis\Google Drive\Dennis\Home\Computing\Anttest\app\build\intermediates\exploded-aar\com.android.support\design\23.1.0\jars\classes.jar
java_class_path (initial): F:\Users\Dennis\AppData\Local\Android\sdk1\build-tools\23.0.2\lib\dx.jar
Launcher Type: SUN_STANDARD

Environment Variables:
JAVA_HOME=C:\Program Files\Java\jdk1.8.0_05
PATH=C:\Python27\Lib\site-packages\PyQt4;C:\Users\Dennis\algs4\java\bin;C:\ProgramData\Oracle\Java\javapath;C:\Windows\system32;C:\Windows;C:\Windows\System32\Wbem;C:\Windows\System32\WindowsPowerShell\v1.0\;C:\Program Files\Intel\WiFi\bin\;C:\Program Files\Common Files\Intel\WirelessCommon\;C:\Program Files (x86)\ATI Technologies\ATI.ACE\Core-Static;C:\Program Files\MATLAB\R2012b\bin;C:\Program Files (x86)\MiKTeX 2.9\miktex\bin\;C:\Program Files\Java\jdk1.8.0_05\bin\;C:\Program Files (x86)\Git\cmd;C:\Program Files (x86)\Git\bin;C:\Program Files\Microsoft Windows Performance Toolkit\;C:\Program Files\nodejs\;C:\Users\Dennis\AppData\Local\Android\Sdk\platform-tools\;C:\Qt\Qt5.2.1\5.2.1\mingw48_32\bin;C:\Python27;C:\Python27\DLLs;C:\Python27\Scripts;C:\Python27\gnuplot\binary;f:\Program Files (x86)\pythonxy\SciTE-3.5.1-4;f:\Program Files (x86)\pythonxy\console;C:\Users\Dennis\algs4\bin;C:\Users\Dennis\algs4\java\bin;C:\Ruby193\bin;C:\Program Files\Intel\WiFi\bin\;C:\Program Files\Common Files\Intel\WirelessCommon\;C:\Users\Dennis\AppData\Roaming\npm;C:\MinGW\bin
USERNAME=Dennis
OS=Windows_NT
PROCESSOR_IDENTIFIER=Intel64 Family 6 Model 42 Stepping 7, GenuineIntel



---------------  S Y S T E M  ---------------

OS: Windows 7 , 64 bit Build 7601 Service Pack 1

CPU:total 4 (2 cores per cpu, 2 threads per core) family 6 model 42 stepping 7, cmov, cx8, fxsr, mmx, sse, sse2, sse3, ssse3, sse4.1, sse4.2, popcnt, avx, clmul, ht, tsc, tscinvbit

Memory: 4k page, physical 8302448k(555096k free), swap 9619384k(4968k free)

vm_info: Java HotSpot(TM) 64-Bit Server VM (25.5-b02) for windows-amd64 JRE (1.8.0_05-b13), built on Mar 18 2014 01:08:39 by "java_re" with MS VC++ 10.0 (VS2010)

time: Thu Nov 19 21:01:32 2015
elapsed time: 3 seconds

