#
# There is insufficient memory for the Java Runtime Environment to continue.
# Native memory allocation (malloc) failed to allocate 1691696 bytes for Chunk::new
# Possible reasons:
#   The system is out of physical RAM or swap space
#   In 32 bit mode, the process size limit was hit
# Possible solutions:
#   Reduce memory load on the system
#   Increase physical memory or swap space
#   Check if swap backing store is full
#   Use 64 bit Java on a 64 bit OS
#   Decrease Java heap size (-Xmx/-Xms)
#   Decrease number of Java threads
#   Decrease Java thread stack sizes (-Xss)
#   Set larger code cache with -XX:ReservedCodeCacheSize=
# This output file may be truncated or incomplete.
#
#  Out of Memory Error (allocation.cpp:388), pid=1400, tid=2920
#
# JRE version: Java(TM) SE Runtime Environment (8.0_05-b13) (build 1.8.0_05-b13)
# Java VM: Java HotSpot(TM) 64-Bit Server VM (25.5-b02 mixed mode windows-amd64 compressed oops)
# Failed to write core dump. Minidumps are not enabled by default on client versions of Windows
#

---------------  T H R E A D  ---------------

Current thread (0x0000000055210800):  JavaThread "C2 CompilerThread1" daemon [_thread_in_native, id=2920, stack(0x00000000572c0000,0x00000000573c0000)]

Stack: [0x00000000572c0000,0x00000000573c0000]
Native frames: (J=compiled Java code, j=interpreted, Vv=VM code, C=native code)
V  [jvm.dll+0x308dea]
V  [jvm.dll+0x25def1]
V  [jvm.dll+0x25eb0f]
V  [jvm.dll+0x2564e5]
V  [jvm.dll+0xbcfc5]
V  [jvm.dll+0xbd45c]
V  [jvm.dll+0x44d422]
V  [jvm.dll+0x48e13f]
V  [jvm.dll+0x4422eb]
V  [jvm.dll+0x44366b]
V  [jvm.dll+0x427532]
V  [jvm.dll+0x96702]
V  [jvm.dll+0x96ef3]
V  [jvm.dll+0x2232c4]
V  [jvm.dll+0x27baca]
C  [msvcr100.dll+0x21d9f]
C  [msvcr100.dll+0x21e3b]
C  [kernel32.dll+0x15a4d]
C  [ntdll.dll+0x2b831]


Current CompileTask:
C2:   9253 1852   !   4       com.android.dx.cf.cst.ConstantPoolParser::parse0 (731 bytes)


---------------  P R O C E S S  ---------------

Java Threads: ( => current thread )
  0x00000000579db000 JavaThread "pool-1-thread-4" [_thread_in_Java, id=9440, stack(0x0000000058980000,0x0000000058a80000)]
  0x00000000579d6800 JavaThread "pool-1-thread-3" [_thread_blocked, id=8872, stack(0x0000000058730000,0x0000000058830000)]
  0x000000005797a800 JavaThread "pool-1-thread-2" [_thread_blocked, id=6920, stack(0x0000000056c20000,0x0000000056d20000)]
  0x0000000057998800 JavaThread "pool-2-thread-1" [_thread_blocked, id=760, stack(0x0000000058600000,0x0000000058700000)]
  0x000000005799a800 JavaThread "pool-1-thread-1" [_thread_blocked, id=2388, stack(0x00000000584b0000,0x00000000585b0000)]
  0x0000000055215800 JavaThread "Service Thread" daemon [_thread_blocked, id=8184, stack(0x0000000057600000,0x0000000057700000)]
  0x0000000055212000 JavaThread "C1 CompilerThread2" daemon [_thread_blocked, id=9000, stack(0x0000000057410000,0x0000000057510000)]
=>0x0000000055210800 JavaThread "C2 CompilerThread1" daemon [_thread_in_native, id=2920, stack(0x00000000572c0000,0x00000000573c0000)]
  0x000000005520c800 JavaThread "C2 CompilerThread0" daemon [_thread_in_native, id=6808, stack(0x00000000571a0000,0x00000000572a0000)]
  0x000000005520b800 JavaThread "Attach Listener" daemon [_thread_blocked, id=7484, stack(0x0000000056f70000,0x0000000057070000)]
  0x000000005521c800 JavaThread "Signal Dispatcher" daemon [_thread_blocked, id=9268, stack(0x0000000057080000,0x0000000057180000)]
  0x00000000551af800 JavaThread "Finalizer" daemon [_thread_blocked, id=4344, stack(0x0000000056e50000,0x0000000056f50000)]
  0x00000000551aa800 JavaThread "Reference Handler" daemon [_thread_blocked, id=3608, stack(0x0000000056d30000,0x0000000056e30000)]
  0x000000000221f000 JavaThread "main" [_thread_blocked, id=5272, stack(0x0000000002390000,0x0000000002490000)]

Other Threads:
  0x00000000551a7000 VMThread [stack: 0x0000000056a90000,0x0000000056b90000] [id=4060]
  0x0000000057766000 WatcherThread [stack: 0x0000000057b40000,0x0000000057c40000] [id=7636]

VM state:not at safepoint (normal execution)

VM Mutex/Monitor currently owned by a thread: None

Heap:
 PSYoungGen      total 38400K, used 25180K [0x00000000eab00000, 0x00000000ed500000, 0x0000000100000000)
  eden space 33792K, 66% used [0x00000000eab00000,0x00000000ec0e71e0,0x00000000ecc00000)
  from space 4608K, 59% used [0x00000000ed080000,0x00000000ed330000,0x00000000ed500000)
  to   space 4608K, 0% used [0x00000000ecc00000,0x00000000ecc00000,0x00000000ed080000)
 ParOldGen       total 129536K, used 14882K [0x00000000c0000000, 0x00000000c7e80000, 0x00000000eab00000)
  object space 129536K, 11% used [0x00000000c0000000,0x00000000c0e888b8,0x00000000c7e80000)
 Metaspace       used 5970K, capacity 6960K, committed 7040K, reserved 1056768K
  class space    used 593K, capacity 616K, committed 640K, reserved 1048576K

Card table byte_map: [0x0000000011b20000,0x0000000011d30000] byte_map_base: 0x0000000011520000

Marking Bits: (ParMarkBitMap*) 0x00000000560013b0
 Begin Bits: [0x0000000012620000, 0x0000000013620000)
 End Bits:   [0x0000000013620000, 0x0000000014620000)

Polling page: 0x0000000000130000

CodeCache: size=245760Kb used=6958Kb max_used=6981Kb free=238802Kb
 bounds [0x0000000002760000, 0x0000000002e40000, 0x0000000011760000]
 total_blobs=2087 nmethods=1821 adapters=178
 compilation: enabled

Compilation events (10 events):
Event: 9.127 Thread 0x0000000055212000 1908 %     3       com.android.dx.ssa.ConstCollector::getConstsSortedByCountUse @ 27 (386 bytes)
Event: 9.133 Thread 0x0000000055212000 nmethod 1908% 0x0000000002e20350 code [0x0000000002e20920, 0x0000000002e24788]
Event: 9.133 Thread 0x0000000055212000 1906       3       com.android.dx.rop.annotation.Annotations::<init> (16 bytes)
Event: 9.133 Thread 0x0000000055212000 nmethod 1906 0x0000000002df8550 code [0x0000000002df86c0, 0x0000000002df8988]
Event: 9.156 Thread 0x0000000055212000 1909       1       com.android.dx.dex.file.ClassDefItem::getThisClass (5 bytes)
Event: 9.156 Thread 0x0000000055212000 nmethod 1909 0x0000000002df3e90 code [0x0000000002df3fe0, 0x0000000002df40f0]
Event: 9.156 Thread 0x0000000055212000 1911       3       java.util.concurrent.FutureTask::finishCompletion (74 bytes)
Event: 9.157 Thread 0x0000000055212000 nmethod 1911 0x0000000002e0c050 code [0x0000000002e0c200, 0x0000000002e0c788]
Event: 9.158 Thread 0x0000000055212000 1912       3       java.util.concurrent.locks.LockSupport::park (23 bytes)
Event: 9.158 Thread 0x0000000055212000 nmethod 1912 0x0000000002e0bad0 code [0x0000000002e0bc40, 0x0000000002e0bf68]

GC Heap History (10 events):
Event: 3.877 GC heap before
{Heap before GC invocations=12 (full 0):
 PSYoungGen      total 9216K, used 9212K [0x00000000eab00000, 0x00000000ebf00000, 0x0000000100000000)
  eden space 8192K, 100% used [0x00000000eab00000,0x00000000eb300000,0x00000000eb300000)
  from space 1024K, 99% used [0x00000000eb300000,0x00000000eb3ff3c8,0x00000000eb400000)
  to   space 3584K, 0% used [0x00000000ebb80000,0x00000000ebb80000,0x00000000ebf00000)
 ParOldGen       total 129536K, used 5821K [0x00000000c0000000, 0x00000000c7e80000, 0x00000000eab00000)
  object space 129536K, 4% used [0x00000000c0000000,0x00000000c05af4a0,0x00000000c7e80000)
 Metaspace       used 5786K, capacity 6832K, committed 7040K, reserved 1056768K
  class space    used 592K, capacity 616K, committed 640K, reserved 1048576K
Event: 3.958 GC heap after
Heap after GC invocations=12 (full 0):
 PSYoungGen      total 16896K, used 1703K [0x00000000eab00000, 0x00000000ebf00000, 0x0000000100000000)
  eden space 13312K, 0% used [0x00000000eab00000,0x00000000eab00000,0x00000000eb800000)
  from space 3584K, 47% used [0x00000000ebb80000,0x00000000ebd29e70,0x00000000ebf00000)
  to   space 3584K, 0% used [0x00000000eb800000,0x00000000eb800000,0x00000000ebb80000)
 ParOldGen       total 129536K, used 6721K [0x00000000c0000000, 0x00000000c7e80000, 0x00000000eab00000)
  object space 129536K, 5% used [0x00000000c0000000,0x00000000c06905e8,0x00000000c7e80000)
 Metaspace       used 5786K, capacity 6832K, committed 7040K, reserved 1056768K
  class space    used 592K, capacity 616K, committed 640K, reserved 1048576K
}
Event: 4.291 GC heap before
{Heap before GC invocations=13 (full 0):
 PSYoungGen      total 16896K, used 15015K [0x00000000eab00000, 0x00000000ebf00000, 0x0000000100000000)
  eden space 13312K, 100% used [0x00000000eab00000,0x00000000eb800000,0x00000000eb800000)
  from space 3584K, 47% used [0x00000000ebb80000,0x00000000ebd29e70,0x00000000ebf00000)
  to   space 3584K, 0% used [0x00000000eb800000,0x00000000eb800000,0x00000000ebb80000)
 ParOldGen       total 129536K, used 6721K [0x00000000c0000000, 0x00000000c7e80000, 0x00000000eab00000)
  object space 129536K, 5% used [0x00000000c0000000,0x00000000c06905e8,0x00000000c7e80000)
 Metaspace       used 5795K, capacity 6832K, committed 7040K, reserved 1056768K
  class space    used 592K, capacity 616K, committed 640K, reserved 1048576K
Event: 4.313 GC heap after
Heap after GC invocations=13 (full 0):
 PSYoungGen      total 16896K, used 2208K [0x00000000eab00000, 0x00000000ec700000, 0x0000000100000000)
  eden space 13312K, 0% used [0x00000000eab00000,0x00000000eab00000,0x00000000eb800000)
  from space 3584K, 61% used [0x00000000eb800000,0x00000000eba28000,0x00000000ebb80000)
  to   space 3584K, 0% used [0x00000000ec380000,0x00000000ec380000,0x00000000ec700000)
 ParOldGen       total 129536K, used 8217K [0x00000000c0000000, 0x00000000c7e80000, 0x00000000eab00000)
  object space 129536K, 6% used [0x00000000c0000000,0x00000000c0806520,0x00000000c7e80000)
 Metaspace       used 5795K, capacity 6832K, committed 7040K, reserved 1056768K
  class space    used 592K, capacity 616K, committed 640K, reserved 1048576K
}
Event: 4.562 GC heap before
{Heap before GC invocations=14 (full 0):
 PSYoungGen      total 16896K, used 15520K [0x00000000eab00000, 0x00000000ec700000, 0x0000000100000000)
  eden space 13312K, 100% used [0x00000000eab00000,0x00000000eb800000,0x00000000eb800000)
  from space 3584K, 61% used [0x00000000eb800000,0x00000000eba28000,0x00000000ebb80000)
  to   space 3584K, 0% used [0x00000000ec380000,0x00000000ec380000,0x00000000ec700000)
 ParOldGen       total 129536K, used 8217K [0x00000000c0000000, 0x00000000c7e80000, 0x00000000eab00000)
  object space 129536K, 6% used [0x00000000c0000000,0x00000000c0806520,0x00000000c7e80000)
 Metaspace       used 5852K, capacity 6896K, committed 7040K, reserved 1056768K
  class space    used 593K, capacity 616K, committed 640K, reserved 1048576K
Event: 5.448 GC heap after
Heap after GC invocations=14 (full 0):
 PSYoungGen      total 24576K, used 3104K [0x00000000eab00000, 0x00000000ec800000, 0x0000000100000000)
  eden space 20992K, 0% used [0x00000000eab00000,0x00000000eab00000,0x00000000ebf80000)
  from space 3584K, 86% used [0x00000000ec380000,0x00000000ec688010,0x00000000ec700000)
  to   space 4096K, 0% used [0x00000000ebf80000,0x00000000ebf80000,0x00000000ec380000)
 ParOldGen       total 129536K, used 10133K [0x00000000c0000000, 0x00000000c7e80000, 0x00000000eab00000)
  object space 129536K, 7% used [0x00000000c0000000,0x00000000c09e54f8,0x00000000c7e80000)
 Metaspace       used 5852K, capacity 6896K, committed 7040K, reserved 1056768K
  class space    used 593K, capacity 616K, committed 640K, reserved 1048576K
}
Event: 6.222 GC heap before
{Heap before GC invocations=15 (full 0):
 PSYoungGen      total 24576K, used 24096K [0x00000000eab00000, 0x00000000ec800000, 0x0000000100000000)
  eden space 20992K, 100% used [0x00000000eab00000,0x00000000ebf80000,0x00000000ebf80000)
  from space 3584K, 86% used [0x00000000ec380000,0x00000000ec688010,0x00000000ec700000)
  to   space 4096K, 0% used [0x00000000ebf80000,0x00000000ebf80000,0x00000000ec380000)
 ParOldGen       total 129536K, used 10133K [0x00000000c0000000, 0x00000000c7e80000, 0x00000000eab00000)
  object space 129536K, 7% used [0x00000000c0000000,0x00000000c09e54f8,0x00000000c7e80000)
 Metaspace       used 5911K, capacity 6896K, committed 7040K, reserved 1056768K
  class space    used 593K, capacity 616K, committed 640K, reserved 1048576K
Event: 6.238 GC heap after
Heap after GC invocations=15 (full 0):
 PSYoungGen      total 25088K, used 3488K [0x00000000eab00000, 0x00000000ed500000, 0x0000000100000000)
  eden space 20992K, 0% used [0x00000000eab00000,0x00000000eab00000,0x00000000ebf80000)
  from space 4096K, 85% used [0x00000000ebf80000,0x00000000ec2e8000,0x00000000ec380000)
  to   space 4608K, 0% used [0x00000000ed080000,0x00000000ed080000,0x00000000ed500000)
 ParOldGen       total 129536K, used 11687K [0x00000000c0000000, 0x00000000c7e80000, 0x00000000eab00000)
  object space 129536K, 9% used [0x00000000c0000000,0x00000000c0b69cb8,0x00000000c7e80000)
 Metaspace       used 5911K, capacity 6896K, committed 7040K, reserved 1056768K
  class space    used 593K, capacity 616K, committed 640K, reserved 1048576K
}
Event: 6.502 GC heap before
{Heap before GC invocations=16 (full 0):
 PSYoungGen      total 25088K, used 24480K [0x00000000eab00000, 0x00000000ed500000, 0x0000000100000000)
  eden space 20992K, 100% used [0x00000000eab00000,0x00000000ebf80000,0x00000000ebf80000)
  from space 4096K, 85% used [0x00000000ebf80000,0x00000000ec2e8000,0x00000000ec380000)
  to   space 4608K, 0% used [0x00000000ed080000,0x00000000ed080000,0x00000000ed500000)
 ParOldGen       total 129536K, used 11687K [0x00000000c0000000, 0x00000000c7e80000, 0x00000000eab00000)
  object space 129536K, 9% used [0x00000000c0000000,0x00000000c0b69cb8,0x00000000c7e80000)
 Metaspace       used 5920K, capacity 6896K, committed 7040K, reserved 1056768K
  class space    used 593K, capacity 616K, committed 640K, reserved 1048576K
Event: 7.072 GC heap after
Heap after GC invocations=16 (full 0):
 PSYoungGen      total 38400K, used 2752K [0x00000000eab00000, 0x00000000ed500000, 0x0000000100000000)
  eden space 33792K, 0% used [0x00000000eab00000,0x00000000eab00000,0x00000000ecc00000)
  from space 4608K, 59% used [0x00000000ed080000,0x00000000ed330000,0x00000000ed500000)
  to   space 4608K, 0% used [0x00000000ecc00000,0x00000000ecc00000,0x00000000ed080000)
 ParOldGen       total 129536K, used 14882K [0x00000000c0000000, 0x00000000c7e80000, 0x00000000eab00000)
  object space 129536K, 11% used [0x00000000c0000000,0x00000000c0e888b8,0x00000000c7e80000)
 Metaspace       used 5920K, capacity 6896K, committed 7040K, reserved 1056768K
  class space    used 593K, capacity 616K, committed 640K, reserved 1048576K
}

Deoptimization events (9 events):
Event: 3.568 Thread 0x00000000579d6800 Uncommon trap: reason=class_check action=maybe_recompile pc=0x0000000002ad8d90 method=com.android.dx.rop.type.Type.equals(Ljava/lang/Object;)Z @ 8
Event: 3.569 Thread 0x00000000579d6800 Uncommon trap: reason=null_check action=make_not_entrant pc=0x0000000002ad8da0 method=com.android.dx.rop.type.Type.equals(Ljava/lang/Object;)Z @ 8
Event: 4.370 Thread 0x000000005797a800 Uncommon trap: reason=unreached action=reinterpret pc=0x0000000002b32884 method=com.android.dx.rop.cst.Constant.compareTo(Lcom/android/dx/rop/cst/Constant;)I @ 12
Event: 5.738 Thread 0x00000000579db000 Uncommon trap: reason=bimorphic action=maybe_recompile pc=0x000000000299ecc0 method=java.util.HashMap.getNode(ILjava/lang/Object;)Ljava/util/HashMap$Node; @ 126
Event: 5.738 Thread 0x00000000579db000 Uncommon trap: reason=bimorphic action=maybe_recompile pc=0x000000000299ecc0 method=java.util.HashMap.getNode(ILjava/lang/Object;)Ljava/util/HashMap$Node; @ 126
Event: 5.738 Thread 0x00000000579db000 Uncommon trap: reason=bimorphic action=maybe_recompile pc=0x00000000029eb4ac method=java.util.HashMap.getNode(ILjava/lang/Object;)Ljava/util/HashMap$Node; @ 126
Event: 5.738 Thread 0x00000000579db000 Uncommon trap: reason=bimorphic action=maybe_recompile pc=0x00000000029eb4ac method=java.util.HashMap.getNode(ILjava/lang/Object;)Ljava/util/HashMap$Node; @ 126
Event: 5.738 Thread 0x00000000579db000 Uncommon trap: reason=bimorphic action=maybe_recompile pc=0x000000000299ecc0 method=java.util.HashMap.getNode(ILjava/lang/Object;)Ljava/util/HashMap$Node; @ 126
Event: 5.762 Thread 0x00000000579db000 Uncommon trap: reason=unreached action=reinterpret pc=0x0000000002b6c10c method=com.android.dx.ssa.SsaMethod.updateOneDefinition(Lcom/android/dx/ssa/SsaInsn;Lcom/android/dx/rop/code/RegisterSpec;)V @ 4

Internal exceptions (10 events):
Event: 2.753 Thread 0x000000000221f000 Exception <a 'java/security/PrivilegedActionException'> (0x00000000eab192a0) thrown at [D:\re\workspace\8-2-build-windows-amd64-cygwin\jdk8u5\2488\hotspot\src\share\vm\prims\jvm.cpp, line 1248]
Event: 2.788 Thread 0x00000000579db000 Exception <a 'java/security/PrivilegedActionException'> (0x00000000eac330d8) thrown at [D:\re\workspace\8-2-build-windows-amd64-cygwin\jdk8u5\2488\hotspot\src\share\vm\prims\jvm.cpp, line 1248]
Event: 2.934 Thread 0x00000000579db000 Exception <a 'java/security/PrivilegedActionException'> (0x00000000ead849c0) thrown at [D:\re\workspace\8-2-build-windows-amd64-cygwin\jdk8u5\2488\hotspot\src\share\vm\prims\jvm.cpp, line 1248]
Event: 2.995 Thread 0x000000000221f000 Exception <a 'java/security/PrivilegedActionException'> (0x00000000eacee500) thrown at [D:\re\workspace\8-2-build-windows-amd64-cygwin\jdk8u5\2488\hotspot\src\share\vm\prims\jvm.cpp, line 1248]
Event: 2.996 Thread 0x000000000221f000 Exception <a 'java/security/PrivilegedActionException'> (0x00000000eacf0c08) thrown at [D:\re\workspace\8-2-build-windows-amd64-cygwin\jdk8u5\2488\hotspot\src\share\vm\prims\jvm.cpp, line 1248]
Event: 3.362 Thread 0x000000005799a800 Exception <a 'java/security/PrivilegedActionException'> (0x00000000eb06f3b8) thrown at [D:\re\workspace\8-2-build-windows-amd64-cygwin\jdk8u5\2488\hotspot\src\share\vm\prims\jvm.cpp, line 1248]
Event: 3.569 Thread 0x00000000579d6800 Implicit null exception at 0x0000000002ad8c92 to 0x0000000002ad8d91
Event: 3.649 Thread 0x000000005797a800 Exception <a 'java/security/PrivilegedActionException'> (0x00000000eb1ec378) thrown at [D:\re\workspace\8-2-build-windows-amd64-cygwin\jdk8u5\2488\hotspot\src\share\vm\prims\jvm.cpp, line 1248]
Event: 4.353 Thread 0x000000000221f000 Exception <a 'java/security/PrivilegedActionException'> (0x00000000eadbea28) thrown at [D:\re\workspace\8-2-build-windows-amd64-cygwin\jdk8u5\2488\hotspot\src\share\vm\prims\jvm.cpp, line 1248]
Event: 5.761 Thread 0x00000000579db000 Exception <a 'java/security/PrivilegedActionException'> (0x00000000eb6907b0) thrown at [D:\re\workspace\8-2-build-windows-amd64-cygwin\jdk8u5\2488\hotspot\src\share\vm\prims\jvm.cpp, line 1248]

Events (10 events):
Event: 7.813 Thread 0x00000000579db000 DEOPT PACKING pc=0x0000000002befc7c sp=0x0000000058a7ee60
Event: 7.813 Thread 0x00000000579db000 DEOPT UNPACKING pc=0x00000000027a7604 sp=0x0000000058a7ebc0 mode 0
Event: 7.932 Thread 0x00000000579db000 DEOPT PACKING pc=0x0000000002be7fd2 sp=0x0000000058a7edb0
Event: 7.932 Thread 0x00000000579db000 DEOPT UNPACKING pc=0x00000000027a7604 sp=0x0000000058a7eb10 mode 0
Event: 7.939 Thread 0x00000000579db000 DEOPT PACKING pc=0x0000000002bca0f1 sp=0x0000000058a7ee50
Event: 7.939 Thread 0x00000000579db000 DEOPT UNPACKING pc=0x00000000027a7604 sp=0x0000000058a7ec38 mode 0
Event: 8.317 Thread 0x00000000579db000 DEOPT PACKING pc=0x0000000002b2381f sp=0x0000000058a7edb0
Event: 8.317 Thread 0x00000000579db000 DEOPT UNPACKING pc=0x00000000027a7604 sp=0x0000000058a7eaf8 mode 0
Event: 8.702 Thread 0x000000005797a800 DEOPT PACKING pc=0x0000000002ba3184 sp=0x0000000056d1ec90
Event: 8.702 Thread 0x000000005797a800 DEOPT UNPACKING pc=0x00000000027a7604 sp=0x0000000056d1e970 mode 0


Dynamic libraries:
0x000000013f870000 - 0x000000013f8a4000 	C:\Program Files\Java\jdk1.8.0_05\bin\java.exe
0x0000000077440000 - 0x00000000775e9000 	C:\Windows\SYSTEM32\ntdll.dll
0x0000000077320000 - 0x000000007743f000 	C:\Windows\system32\kernel32.dll
0x000007fefd4d0000 - 0x000007fefd53c000 	C:\Windows\system32\KERNELBASE.dll
0x000007fefddd0000 - 0x000007fefdeab000 	C:\Windows\system32\ADVAPI32.dll
0x000007fefd920000 - 0x000007fefd9bf000 	C:\Windows\system32\msvcrt.dll
0x000007fefdd10000 - 0x000007fefdd2f000 	C:\Windows\SYSTEM32\sechost.dll
0x000007fefdbe0000 - 0x000007fefdd0d000 	C:\Windows\system32\RPCRT4.dll
0x0000000077220000 - 0x000000007731a000 	C:\Windows\system32\USER32.dll
0x000007fefd8b0000 - 0x000007fefd917000 	C:\Windows\system32\GDI32.dll
0x000007feff310000 - 0x000007feff31e000 	C:\Windows\system32\LPK.dll
0x000007fefd7e0000 - 0x000007fefd8a9000 	C:\Windows\system32\USP10.dll
0x000007fefa940000 - 0x000007fefab34000 	C:\Windows\WinSxS\amd64_microsoft.windows.common-controls_6595b64144ccf1df_6.0.7601.18837_none_fa3b1e3d17594757\COMCTL32.dll
0x000007feff6d0000 - 0x000007feff741000 	C:\Windows\system32\SHLWAPI.dll
0x000007fefe160000 - 0x000007fefe18e000 	C:\Windows\system32\IMM32.DLL
0x000007fefef80000 - 0x000007feff089000 	C:\Windows\system32\MSCTF.dll
0x000000005e750000 - 0x000000005e822000 	C:\Program Files\Java\jdk1.8.0_05\jre\bin\msvcr100.dll
0x0000000055850000 - 0x000000005607a000 	C:\Program Files\Java\jdk1.8.0_05\jre\bin\server\jvm.dll
0x000007fef8630000 - 0x000007fef8639000 	C:\Windows\system32\WSOCK32.dll
0x000007fefe110000 - 0x000007fefe15d000 	C:\Windows\system32\WS2_32.dll
0x000007fefdbd0000 - 0x000007fefdbd8000 	C:\Windows\system32\NSI.dll
0x000007fefa190000 - 0x000007fefa1cb000 	C:\Windows\system32\WINMM.dll
0x0000000077610000 - 0x0000000077617000 	C:\Windows\system32\PSAPI.DLL
0x000000005f040000 - 0x000000005f04f000 	C:\Program Files\Java\jdk1.8.0_05\jre\bin\verify.dll
0x000000005f010000 - 0x000000005f038000 	C:\Program Files\Java\jdk1.8.0_05\jre\bin\java.dll
0x000000005eff0000 - 0x000000005f006000 	C:\Program Files\Java\jdk1.8.0_05\jre\bin\zip.dll
0x000007fefe190000 - 0x000007fefef19000 	C:\Windows\system32\SHELL32.dll
0x000007fefd9c0000 - 0x000007fefdbc3000 	C:\Windows\system32\ole32.dll
0x000007fefd200000 - 0x000007fefd20f000 	C:\Windows\system32\profapi.dll
0x000007fef6fe0000 - 0x000007fef7105000 	C:\Windows\system32\dbghelp.dll

VM Arguments:
jvm_args: -Xmx1024M -Dfile.encoding=windows-1252 -Duser.country=US -Duser.language=en -Duser.variant 
java_command: com.android.dx.command.Main --dex --num-threads=4 --output C:\Users\Dennis\Google Drive\Dennis\Home\Computing\Anttest\app\build\intermediates\pre-dexed\debug\classes-af8d2063f48dfceaf71e4803f8d7207edcf2dbb6.jar C:\Users\Dennis\Google Drive\Dennis\Home\Computing\Anttest\app\build\intermediates\exploded-aar\com.android.support\support-v4\23.1.0\jars\classes.jar
java_class_path (initial): F:\Users\Dennis\AppData\Local\Android\sdk1\build-tools\23.0.2\lib\dx.jar
Launcher Type: SUN_STANDARD

Environment Variables:
JAVA_HOME=C:\Program Files\Java\jdk1.8.0_05
PATH=C:\Python27\Lib\site-packages\PyQt4;C:\Users\Dennis\algs4\java\bin;C:\ProgramData\Oracle\Java\javapath;C:\Windows\system32;C:\Windows;C:\Windows\System32\Wbem;C:\Windows\System32\WindowsPowerShell\v1.0\;C:\Program Files\Intel\WiFi\bin\;C:\Program Files\Common Files\Intel\WirelessCommon\;C:\Program Files (x86)\ATI Technologies\ATI.ACE\Core-Static;C:\Program Files\MATLAB\R2012b\bin;C:\Program Files (x86)\MiKTeX 2.9\miktex\bin\;C:\Program Files\Java\jdk1.8.0_05\bin\;C:\Program Files (x86)\Git\cmd;C:\Program Files (x86)\Git\bin;C:\Program Files\Microsoft Windows Performance Toolkit\;C:\Program Files\nodejs\;C:\Users\Dennis\AppData\Local\Android\Sdk\platform-tools\;C:\Qt\Qt5.2.1\5.2.1\mingw48_32\bin;C:\Python27;C:\Python27\DLLs;C:\Python27\Scripts;C:\Python27\gnuplot\binary;f:\Program Files (x86)\pythonxy\SciTE-3.5.1-4;f:\Program Files (x86)\pythonxy\console;C:\Users\Dennis\algs4\bin;C:\Users\Dennis\algs4\java\bin;C:\Ruby193\bin;C:\Program Files\Intel\WiFi\bin\;C:\Program Files\Common Files\Intel\WirelessCommon\;C:\Users\Dennis\AppData\Roaming\npm;C:\MinGW\bin
USERNAME=Dennis
OS=Windows_NT
PROCESSOR_IDENTIFIER=Intel64 Family 6 Model 42 Stepping 7, GenuineIntel



---------------  S Y S T E M  ---------------

OS: Windows 7 , 64 bit Build 7601 Service Pack 1

CPU:total 4 (2 cores per cpu, 2 threads per core) family 6 model 42 stepping 7, cmov, cx8, fxsr, mmx, sse, sse2, sse3, ssse3, sse4.1, sse4.2, popcnt, avx, clmul, ht, tsc, tscinvbit

Memory: 4k page, physical 8302448k(580044k free), swap 9619384k(8732k free)

vm_info: Java HotSpot(TM) 64-Bit Server VM (25.5-b02) for windows-amd64 JRE (1.8.0_05-b13), built on Mar 18 2014 01:08:39 by "java_re" with MS VC++ 10.0 (VS2010)

time: Thu Nov 19 21:01:38 2015
elapsed time: 9 seconds

