#
# There is insufficient memory for the Java Runtime Environment to continue.
# Native memory allocation (malloc) failed to allocate 311296 bytes for Chunk::new
# Possible reasons:
#   The system is out of physical RAM or swap space
#   In 32 bit mode, the process size limit was hit
# Possible solutions:
#   Reduce memory load on the system
#   Increase physical memory or swap space
#   Check if swap backing store is full
#   Use 64 bit Java on a 64 bit OS
#   Decrease Java heap size (-Xmx/-Xms)
#   Decrease number of Java threads
#   Decrease Java thread stack sizes (-Xss)
#   Set larger code cache with -XX:ReservedCodeCacheSize=
# This output file may be truncated or incomplete.
#
#  Out of Memory Error (allocation.cpp:388), pid=10104, tid=8156
#
# JRE version: Java(TM) SE Runtime Environment (8.0_05-b13) (build 1.8.0_05-b13)
# Java VM: Java HotSpot(TM) 64-Bit Server VM (25.5-b02 mixed mode windows-amd64 compressed oops)
# Failed to write core dump. Minidumps are not enabled by default on client versions of Windows
#

---------------  T H R E A D  ---------------

Current thread (0x00000000550ec000):  JavaThread "C2 CompilerThread0" daemon [_thread_in_native, id=8156, stack(0x0000000056fc0000,0x00000000570c0000)]

Stack: [0x0000000056fc0000,0x00000000570c0000]
Native frames: (J=compiled Java code, j=interpreted, Vv=VM code, C=native code)
V  [jvm.dll+0x308dea]


Current CompileTask:
C2:   3347  912   !   4       com.android.dx.rop.code.RegisterSpec::intern (70 bytes)


---------------  P R O C E S S  ---------------

Java Threads: ( => current thread )
  0x00000000577e1000 JavaThread "pool-1-thread-4" [_thread_blocked, id=8208, stack(0x0000000056910000,0x0000000056a10000)]
  0x00000000577a1800 JavaThread "pool-1-thread-3" [_thread_in_Java, id=9848, stack(0x00000000585f0000,0x00000000586f0000)]
  0x000000005779f000 JavaThread "pool-1-thread-2" [_thread_in_Java, id=9812, stack(0x0000000058420000,0x0000000058520000)]
  0x000000005779e000 JavaThread "pool-2-thread-1" [_thread_blocked, id=3876, stack(0x0000000058260000,0x0000000058360000)]
  0x0000000057807000 JavaThread "pool-1-thread-1" [_thread_blocked, id=10020, stack(0x0000000058160000,0x0000000058260000)]
  0x00000000550f5000 JavaThread "Service Thread" daemon [_thread_blocked, id=9492, stack(0x0000000057400000,0x0000000057500000)]
  0x00000000550f1800 JavaThread "C1 CompilerThread2" daemon [_thread_in_native, id=196, stack(0x0000000057240000,0x0000000057340000)]
  0x00000000550f0000 JavaThread "C2 CompilerThread1" daemon [_thread_in_native, id=7592, stack(0x00000000570e0000,0x00000000571e0000)]
=>0x00000000550ec000 JavaThread "C2 CompilerThread0" daemon [_thread_in_native, id=8156, stack(0x0000000056fc0000,0x00000000570c0000)]
  0x00000000550eb000 JavaThread "Attach Listener" daemon [_thread_blocked, id=7196, stack(0x0000000056db0000,0x0000000056eb0000)]
  0x00000000550fc800 JavaThread "Signal Dispatcher" daemon [_thread_blocked, id=5948, stack(0x0000000011d90000,0x0000000011e90000)]
  0x0000000055095800 JavaThread "Finalizer" daemon [_thread_blocked, id=3936, stack(0x0000000002190000,0x0000000002290000)]
  0x000000005508a800 JavaThread "Reference Handler" daemon [_thread_blocked, id=7204, stack(0x0000000056bb0000,0x0000000056cb0000)]
  0x000000000218f000 JavaThread "main" [_thread_in_Java, id=5536, stack(0x0000000002290000,0x0000000002390000)]

Other Threads:
  0x0000000055087000 VMThread [stack: 0x0000000056a30000,0x0000000056b30000] [id=8332]
  0x0000000057501800 WatcherThread [stack: 0x0000000056cb0000,0x0000000056db0000] [id=3332]

VM state:not at safepoint (normal execution)

VM Mutex/Monitor currently owned by a thread: None

Heap:
 PSYoungGen      total 9216K, used 8302K [0x00000000eab00000, 0x00000000eb700000, 0x0000000100000000)
  eden space 7680K, 88% used [0x00000000eab00000,0x00000000eb19cfb8,0x00000000eb280000)
  from space 1536K, 99% used [0x00000000eb480000,0x00000000eb5fea98,0x00000000eb600000)
  to   space 2048K, 0% used [0x00000000eb280000,0x00000000eb280000,0x00000000eb480000)
 ParOldGen       total 129536K, used 1493K [0x00000000c0000000, 0x00000000c7e80000, 0x00000000eab00000)
  object space 129536K, 1% used [0x00000000c0000000,0x00000000c0175438,0x00000000c7e80000)
 Metaspace       used 5615K, capacity 6704K, committed 6784K, reserved 1056768K
  class space    used 591K, capacity 616K, committed 640K, reserved 1048576K

Card table byte_map: [0x0000000011a20000,0x0000000011c30000] byte_map_base: 0x0000000011420000

Marking Bits: (ParMarkBitMap*) 0x00000000560013b0
 Begin Bits: [0x0000000012500000, 0x0000000013500000)
 End Bits:   [0x0000000013500000, 0x0000000014500000)

Polling page: 0x0000000000240000

CodeCache: size=245760Kb used=3182Kb max_used=3193Kb free=242577Kb
 bounds [0x0000000002660000, 0x0000000002990000, 0x0000000011660000]
 total_blobs=1153 nmethods=889 adapters=178
 compilation: enabled

Compilation events (10 events):
Event: 3.323 Thread 0x00000000550ec000 nmethod 900 0x0000000002977fd0 code [0x0000000002978120, 0x0000000002978218]
Event: 3.323 Thread 0x00000000550ec000  903       4       com.android.dx.util.MutabilityControl::throwIfMutable (18 bytes)
Event: 3.323 Thread 0x00000000550ec000 nmethod 903 0x0000000002921690 code [0x00000000029217c0, 0x0000000002921818]
Event: 3.323 Thread 0x00000000550ec000  910       4       com.android.dx.rop.cst.CstMemberRef::compareTo0 (49 bytes)
Event: 3.325 Thread 0x00000000550f1800 nmethod 911 0x0000000002978310 code [0x00000000029788e0, 0x000000000297ce18]
Event: 3.325 Thread 0x00000000550f1800  906   !   3       com.android.dx.cf.code.RopperMachine::run (1550 bytes)
Event: 3.326 Thread 0x00000000550ec000 nmethod 910 0x0000000002976250 code [0x00000000029763a0, 0x00000000029766b8]
Event: 3.326 Thread 0x00000000550ec000  912   !   4       com.android.dx.rop.code.RegisterSpec::intern (70 bytes)
Event: 3.338 Thread 0x00000000550f0000 nmethod 899 0x0000000002975d50 code [0x0000000002975ea0, 0x0000000002975ff8]
Event: 3.338 Thread 0x00000000550f0000  920       4       com.android.dx.rop.code.RegisterSpec$ForComparison::equals (31 bytes)

GC Heap History (10 events):
Event: 1.236 GC heap before
{Heap before GC invocations=4 (full 0):
 PSYoungGen      total 1536K, used 1520K [0x00000000eab00000, 0x00000000eae00000, 0x0000000100000000)
  eden space 1024K, 100% used [0x00000000eab00000,0x00000000eac00000,0x00000000eac00000)
  from space 512K, 96% used [0x00000000eac00000,0x00000000eac7c010,0x00000000eac80000)
  to   space 512K, 0% used [0x00000000ead80000,0x00000000ead80000,0x00000000eae00000)
 ParOldGen       total 129536K, used 360K [0x00000000c0000000, 0x00000000c7e80000, 0x00000000eab00000)
  object space 129536K, 0% used [0x00000000c0000000,0x00000000c005a300,0x00000000c7e80000)
 Metaspace       used 3446K, capacity 4720K, committed 4864K, reserved 1056768K
  class space    used 374K, capacity 424K, committed 512K, reserved 1048576K
Event: 1.300 GC heap after
Heap after GC invocations=4 (full 0):
 PSYoungGen      total 2560K, used 480K [0x00000000eab00000, 0x00000000eae00000, 0x0000000100000000)
  eden space 2048K, 0% used [0x00000000eab00000,0x00000000eab00000,0x00000000ead00000)
  from space 512K, 93% used [0x00000000ead80000,0x00000000eadf8020,0x00000000eae00000)
  to   space 512K, 0% used [0x00000000ead00000,0x00000000ead00000,0x00000000ead80000)
 ParOldGen       total 129536K, used 416K [0x00000000c0000000, 0x00000000c7e80000, 0x00000000eab00000)
  object space 129536K, 0% used [0x00000000c0000000,0x00000000c0068300,0x00000000c7e80000)
 Metaspace       used 3446K, capacity 4720K, committed 4864K, reserved 1056768K
  class space    used 374K, capacity 424K, committed 512K, reserved 1048576K
}
Event: 1.312 GC heap before
{Heap before GC invocations=5 (full 0):
 PSYoungGen      total 2560K, used 2528K [0x00000000eab00000, 0x00000000eae00000, 0x0000000100000000)
  eden space 2048K, 100% used [0x00000000eab00000,0x00000000ead00000,0x00000000ead00000)
  from space 512K, 93% used [0x00000000ead80000,0x00000000eadf8020,0x00000000eae00000)
  to   space 512K, 0% used [0x00000000ead00000,0x00000000ead00000,0x00000000ead80000)
 ParOldGen       total 129536K, used 416K [0x00000000c0000000, 0x00000000c7e80000, 0x00000000eab00000)
  object space 129536K, 0% used [0x00000000c0000000,0x00000000c0068300,0x00000000c7e80000)
 Metaspace       used 3446K, capacity 4720K, committed 4864K, reserved 1056768K
  class space    used 374K, capacity 424K, committed 512K, reserved 1048576K
Event: 1.388 GC heap after
Heap after GC invocations=5 (full 0):
 PSYoungGen      total 2560K, used 480K [0x00000000eab00000, 0x00000000eb100000, 0x0000000100000000)
  eden space 2048K, 0% used [0x00000000eab00000,0x00000000eab00000,0x00000000ead00000)
  from space 512K, 93% used [0x00000000ead00000,0x00000000ead78000,0x00000000ead80000)
  to   space 1024K, 0% used [0x00000000eb000000,0x00000000eb000000,0x00000000eb100000)
 ParOldGen       total 129536K, used 416K [0x00000000c0000000, 0x00000000c7e80000, 0x00000000eab00000)
  object space 129536K, 0% used [0x00000000c0000000,0x00000000c0068300,0x00000000c7e80000)
 Metaspace       used 3446K, capacity 4720K, committed 4864K, reserved 1056768K
  class space    used 374K, capacity 424K, committed 512K, reserved 1048576K
}
Event: 1.412 GC heap before
{Heap before GC invocations=6 (full 0):
 PSYoungGen      total 2560K, used 2528K [0x00000000eab00000, 0x00000000eb100000, 0x0000000100000000)
  eden space 2048K, 100% used [0x00000000eab00000,0x00000000ead00000,0x00000000ead00000)
  from space 512K, 93% used [0x00000000ead00000,0x00000000ead78000,0x00000000ead80000)
  to   space 1024K, 0% used [0x00000000eb000000,0x00000000eb000000,0x00000000eb100000)
 ParOldGen       total 129536K, used 416K [0x00000000c0000000, 0x00000000c7e80000, 0x00000000eab00000)
  object space 129536K, 0% used [0x00000000c0000000,0x00000000c0068300,0x00000000c7e80000)
 Metaspace       used 3514K, capacity 4784K, committed 5120K, reserved 1056768K
  class space    used 384K, capacity 424K, committed 512K, reserved 1048576K
Event: 1.418 GC heap after
Heap after GC invocations=6 (full 0):
 PSYoungGen      total 5120K, used 602K [0x00000000eab00000, 0x00000000eb100000, 0x0000000100000000)
  eden space 4096K, 0% used [0x00000000eab00000,0x00000000eab00000,0x00000000eaf00000)
  from space 1024K, 58% used [0x00000000eb000000,0x00000000eb096a80,0x00000000eb100000)
  to   space 1024K, 0% used [0x00000000eaf00000,0x00000000eaf00000,0x00000000eb000000)
 ParOldGen       total 129536K, used 424K [0x00000000c0000000, 0x00000000c7e80000, 0x00000000eab00000)
  object space 129536K, 0% used [0x00000000c0000000,0x00000000c006a300,0x00000000c7e80000)
 Metaspace       used 3514K, capacity 4784K, committed 5120K, reserved 1056768K
  class space    used 384K, capacity 424K, committed 512K, reserved 1048576K
}
Event: 1.857 GC heap before
{Heap before GC invocations=7 (full 0):
 PSYoungGen      total 5120K, used 4698K [0x00000000eab00000, 0x00000000eb100000, 0x0000000100000000)
  eden space 4096K, 100% used [0x00000000eab00000,0x00000000eaf00000,0x00000000eaf00000)
  from space 1024K, 58% used [0x00000000eb000000,0x00000000eb096a80,0x00000000eb100000)
  to   space 1024K, 0% used [0x00000000eaf00000,0x00000000eaf00000,0x00000000eb000000)
 ParOldGen       total 129536K, used 424K [0x00000000c0000000, 0x00000000c7e80000, 0x00000000eab00000)
  object space 129536K, 0% used [0x00000000c0000000,0x00000000c006a300,0x00000000c7e80000)
 Metaspace       used 4617K, capacity 5808K, committed 6016K, reserved 1056768K
  class space    used 508K, capacity 552K, committed 640K, reserved 1048576K
Event: 1.948 GC heap after
Heap after GC invocations=7 (full 0):
 PSYoungGen      total 5120K, used 996K [0x00000000eab00000, 0x00000000eb600000, 0x0000000100000000)
  eden space 4096K, 0% used [0x00000000eab00000,0x00000000eab00000,0x00000000eaf00000)
  from space 1024K, 97% used [0x00000000eaf00000,0x00000000eaff9268,0x00000000eb000000)
  to   space 1536K, 0% used [0x00000000eb480000,0x00000000eb480000,0x00000000eb600000)
 ParOldGen       total 129536K, used 1310K [0x00000000c0000000, 0x00000000c7e80000, 0x00000000eab00000)
  object space 129536K, 1% used [0x00000000c0000000,0x00000000c0147a60,0x00000000c7e80000)
 Metaspace       used 4617K, capacity 5808K, committed 6016K, reserved 1056768K
  class space    used 508K, capacity 552K, committed 640K, reserved 1048576K
}
Event: 2.554 GC heap before
{Heap before GC invocations=8 (full 0):
 PSYoungGen      total 5120K, used 5092K [0x00000000eab00000, 0x00000000eb600000, 0x0000000100000000)
  eden space 4096K, 100% used [0x00000000eab00000,0x00000000eaf00000,0x00000000eaf00000)
  from space 1024K, 97% used [0x00000000eaf00000,0x00000000eaff9268,0x00000000eb000000)
  to   space 1536K, 0% used [0x00000000eb480000,0x00000000eb480000,0x00000000eb600000)
 ParOldGen       total 129536K, used 1310K [0x00000000c0000000, 0x00000000c7e80000, 0x00000000eab00000)
  object space 129536K, 1% used [0x00000000c0000000,0x00000000c0147a60,0x00000000c7e80000)
 Metaspace       used 5374K, capacity 6448K, committed 6528K, reserved 1056768K
  class space    used 587K, capacity 616K, committed 640K, reserved 1048576K
Event: 3.067 GC heap after
Heap after GC invocations=8 (full 0):
 PSYoungGen      total 9216K, used 1530K [0x00000000eab00000, 0x00000000eb700000, 0x0000000100000000)
  eden space 7680K, 0% used [0x00000000eab00000,0x00000000eab00000,0x00000000eb280000)
  from space 1536K, 99% used [0x00000000eb480000,0x00000000eb5fea98,0x00000000eb600000)
  to   space 2048K, 0% used [0x00000000eb280000,0x00000000eb280000,0x00000000eb480000)
 ParOldGen       total 129536K, used 1493K [0x00000000c0000000, 0x00000000c7e80000, 0x00000000eab00000)
  object space 129536K, 1% used [0x00000000c0000000,0x00000000c0175438,0x00000000c7e80000)
 Metaspace       used 5374K, capacity 6448K, committed 6528K, reserved 1056768K
  class space    used 587K, capacity 616K, committed 640K, reserved 1048576K
}

Deoptimization events (0 events):
No events

Internal exceptions (10 events):
Event: 2.309 Thread 0x000000005779f000 Exception <a 'java/security/PrivilegedActionException'> (0x00000000ead71e58) thrown at [D:\re\workspace\8-2-build-windows-amd64-cygwin\jdk8u5\2488\hotspot\src\share\vm\prims\jvm.cpp, line 1248]
Event: 2.310 Thread 0x00000000577a1800 Exception <a 'java/security/PrivilegedActionException'> (0x00000000ead786f8) thrown at [D:\re\workspace\8-2-build-windows-amd64-cygwin\jdk8u5\2488\hotspot\src\share\vm\prims\jvm.cpp, line 1248]
Event: 2.311 Thread 0x00000000577a1800 Exception <a 'java/security/PrivilegedActionException'> (0x00000000ead7e178) thrown at [D:\re\workspace\8-2-build-windows-amd64-cygwin\jdk8u5\2488\hotspot\src\share\vm\prims\jvm.cpp, line 1248]
Event: 2.313 Thread 0x000000000218f000 Exception <a 'java/security/PrivilegedActionException'> (0x00000000eabf0708) thrown at [D:\re\workspace\8-2-build-windows-amd64-cygwin\jdk8u5\2488\hotspot\src\share\vm\prims\jvm.cpp, line 1248]
Event: 2.508 Thread 0x00000000577a1800 Exception <a 'java/security/PrivilegedActionException'> (0x00000000eaec9908) thrown at [D:\re\workspace\8-2-build-windows-amd64-cygwin\jdk8u5\2488\hotspot\src\share\vm\prims\jvm.cpp, line 1248]
Event: 3.085 Thread 0x00000000577a1800 Exception <a 'java/security/PrivilegedActionException'> (0x00000000eab26828) thrown at [D:\re\workspace\8-2-build-windows-amd64-cygwin\jdk8u5\2488\hotspot\src\share\vm\prims\jvm.cpp, line 1248]
Event: 3.095 Thread 0x00000000577a1800 Exception <a 'java/security/PrivilegedActionException'> (0x00000000eab62b98) thrown at [D:\re\workspace\8-2-build-windows-amd64-cygwin\jdk8u5\2488\hotspot\src\share\vm\prims\jvm.cpp, line 1248]
Event: 3.127 Thread 0x00000000577a1800 Exception <a 'java/security/PrivilegedActionException'> (0x00000000eac35758) thrown at [D:\re\workspace\8-2-build-windows-amd64-cygwin\jdk8u5\2488\hotspot\src\share\vm\prims\jvm.cpp, line 1248]
Event: 3.207 Thread 0x000000000218f000 Exception <a 'java/security/PrivilegedActionException'> (0x00000000eae020d8) thrown at [D:\re\workspace\8-2-build-windows-amd64-cygwin\jdk8u5\2488\hotspot\src\share\vm\prims\jvm.cpp, line 1248]
Event: 3.242 Thread 0x000000000218f000 Exception <a 'java/security/PrivilegedActionException'> (0x00000000eae13538) thrown at [D:\re\workspace\8-2-build-windows-amd64-cygwin\jdk8u5\2488\hotspot\src\share\vm\prims\jvm.cpp, line 1248]

Events (10 events):
Event: 3.150 loading class java/util/HashMap$Values
Event: 3.150 loading class java/util/HashMap$Values done
Event: 3.150 loading class java/util/HashMap$ValueIterator
Event: 3.150 loading class java/util/HashMap$ValueIterator done
Event: 3.185 loading class java/util/ArrayList$1
Event: 3.185 loading class java/util/ArrayList$1 done
Event: 3.207 loading class com/android/dx/dex/file/FieldAnnotationStruct
Event: 3.207 loading class com/android/dx/dex/file/FieldAnnotationStruct done
Event: 3.242 loading class com/android/dx/cf/code/SwitchList
Event: 3.242 loading class com/android/dx/cf/code/SwitchList done


Dynamic libraries:
0x000000013f870000 - 0x000000013f8a4000 	C:\Program Files\Java\jdk1.8.0_05\bin\java.exe
0x0000000077440000 - 0x00000000775e9000 	C:\Windows\SYSTEM32\ntdll.dll
0x0000000077320000 - 0x000000007743f000 	C:\Windows\system32\kernel32.dll
0x000007fefd4d0000 - 0x000007fefd53c000 	C:\Windows\system32\KERNELBASE.dll
0x000007fefddd0000 - 0x000007fefdeab000 	C:\Windows\system32\ADVAPI32.dll
0x000007fefd920000 - 0x000007fefd9bf000 	C:\Windows\system32\msvcrt.dll
0x000007fefdd10000 - 0x000007fefdd2f000 	C:\Windows\SYSTEM32\sechost.dll
0x000007fefdbe0000 - 0x000007fefdd0d000 	C:\Windows\system32\RPCRT4.dll
0x0000000077220000 - 0x000000007731a000 	C:\Windows\system32\USER32.dll
0x000007fefd8b0000 - 0x000007fefd917000 	C:\Windows\system32\GDI32.dll
0x000007feff310000 - 0x000007feff31e000 	C:\Windows\system32\LPK.dll
0x000007fefd7e0000 - 0x000007fefd8a9000 	C:\Windows\system32\USP10.dll
0x000007fefa940000 - 0x000007fefab34000 	C:\Windows\WinSxS\amd64_microsoft.windows.common-controls_6595b64144ccf1df_6.0.7601.18837_none_fa3b1e3d17594757\COMCTL32.dll
0x000007feff6d0000 - 0x000007feff741000 	C:\Windows\system32\SHLWAPI.dll
0x000007fefe160000 - 0x000007fefe18e000 	C:\Windows\system32\IMM32.DLL
0x000007fefef80000 - 0x000007feff089000 	C:\Windows\system32\MSCTF.dll
0x000000005e750000 - 0x000000005e822000 	C:\Program Files\Java\jdk1.8.0_05\jre\bin\msvcr100.dll
0x0000000055850000 - 0x000000005607a000 	C:\Program Files\Java\jdk1.8.0_05\jre\bin\server\jvm.dll
0x000007fef8630000 - 0x000007fef8639000 	C:\Windows\system32\WSOCK32.dll
0x000007fefe110000 - 0x000007fefe15d000 	C:\Windows\system32\WS2_32.dll
0x000007fefdbd0000 - 0x000007fefdbd8000 	C:\Windows\system32\NSI.dll
0x000007fefa190000 - 0x000007fefa1cb000 	C:\Windows\system32\WINMM.dll
0x0000000077610000 - 0x0000000077617000 	C:\Windows\system32\PSAPI.DLL
0x000000005f040000 - 0x000000005f04f000 	C:\Program Files\Java\jdk1.8.0_05\jre\bin\verify.dll
0x000000005f010000 - 0x000000005f038000 	C:\Program Files\Java\jdk1.8.0_05\jre\bin\java.dll
0x000000005eff0000 - 0x000000005f006000 	C:\Program Files\Java\jdk1.8.0_05\jre\bin\zip.dll
0x000007fefe190000 - 0x000007fefef19000 	C:\Windows\system32\SHELL32.dll
0x000007fefd9c0000 - 0x000007fefdbc3000 	C:\Windows\system32\ole32.dll
0x000007fefd200000 - 0x000007fefd20f000 	C:\Windows\system32\profapi.dll

VM Arguments:
jvm_args: -Xmx1024M -Dfile.encoding=windows-1252 -Duser.country=US -Duser.language=en -Duser.variant 
java_command: com.android.dx.command.Main --dex --num-threads=4 --output C:\Users\Dennis\Google Drive\Dennis\Home\Computing\Anttest\app\build\intermediates\pre-dexed\debug\classes-a3b0d1b5795649b2564dfc30be2ad74b5aa93d52.jar C:\Users\Dennis\Google Drive\Dennis\Home\Computing\Anttest\app\build\intermediates\exploded-aar\com.android.support\appcompat-v7\23.1.0\jars\classes.jar
java_class_path (initial): F:\Users\Dennis\AppData\Local\Android\sdk1\build-tools\23.0.2\lib\dx.jar
Launcher Type: SUN_STANDARD

Environment Variables:
JAVA_HOME=C:\Program Files\Java\jdk1.8.0_05
PATH=C:\Python27\Lib\site-packages\PyQt4;C:\Users\Dennis\algs4\java\bin;C:\ProgramData\Oracle\Java\javapath;C:\Windows\system32;C:\Windows;C:\Windows\System32\Wbem;C:\Windows\System32\WindowsPowerShell\v1.0\;C:\Program Files\Intel\WiFi\bin\;C:\Program Files\Common Files\Intel\WirelessCommon\;C:\Program Files (x86)\ATI Technologies\ATI.ACE\Core-Static;C:\Program Files\MATLAB\R2012b\bin;C:\Program Files (x86)\MiKTeX 2.9\miktex\bin\;C:\Program Files\Java\jdk1.8.0_05\bin\;C:\Program Files (x86)\Git\cmd;C:\Program Files (x86)\Git\bin;C:\Program Files\Microsoft Windows Performance Toolkit\;C:\Program Files\nodejs\;C:\Users\Dennis\AppData\Local\Android\Sdk\platform-tools\;C:\Qt\Qt5.2.1\5.2.1\mingw48_32\bin;C:\Python27;C:\Python27\DLLs;C:\Python27\Scripts;C:\Python27\gnuplot\binary;f:\Program Files (x86)\pythonxy\SciTE-3.5.1-4;f:\Program Files (x86)\pythonxy\console;C:\Users\Dennis\algs4\bin;C:\Users\Dennis\algs4\java\bin;C:\Ruby193\bin;C:\Program Files\Intel\WiFi\bin\;C:\Program Files\Common Files\Intel\WirelessCommon\;C:\Users\Dennis\AppData\Roaming\npm;C:\MinGW\bin
USERNAME=Dennis
OS=Windows_NT
PROCESSOR_IDENTIFIER=Intel64 Family 6 Model 42 Stepping 7, GenuineIntel



---------------  S Y S T E M  ---------------

OS: Windows 7 , 64 bit Build 7601 Service Pack 1

CPU:total 4 (2 cores per cpu, 2 threads per core) family 6 model 42 stepping 7, cmov, cx8, fxsr, mmx, sse, sse2, sse3, ssse3, sse4.1, sse4.2, popcnt, avx, clmul, ht, tsc, tscinvbit

Memory: 4k page, physical 8302448k(559860k free), swap 9619384k(5136k free)

vm_info: Java HotSpot(TM) 64-Bit Server VM (25.5-b02) for windows-amd64 JRE (1.8.0_05-b13), built on Mar 18 2014 01:08:39 by "java_re" with MS VC++ 10.0 (VS2010)

time: Thu Nov 19 21:01:32 2015
elapsed time: 3 seconds

